<?xml version="1.0" encoding="UTF-8"?>
<testng-results ignored="0" total="1" passed="1" failed="0" skipped="0">
  <reporter-output>
  </reporter-output>
  <suite started-at="2022-03-31T16:18:29 IST" name="Default suite" finished-at="2022-03-31T16:18:32 IST" duration-ms="2323">
    <groups>
    </groups>
    <test started-at="2022-03-31T16:18:29 IST" name="Default test" finished-at="2022-03-31T16:18:32 IST" duration-ms="2323">
      <class name="testng.Parallel1">
        <test-method signature="runChrome1()[pri:0, instance:testng.Parallel1@6b8ca3c8]" started-at="2022-03-31T16:18:29 IST" name="runChrome1" finished-at="2022-03-31T16:18:32 IST" duration-ms="2263" status="PASS">
          <reporter-output>
          </reporter-output>
        </test-method> <!-- runChrome1 -->
      </class> <!-- testng.Parallel1 -->
    </test> <!-- Default test -->
  </suite> <!-- Default suite -->
</testng-results>
